ERROR - 2025-06-30 02:51:35 --> Error connecting to the database: mysqli_sql_exception: No such file or directory in /Users/chinmoy/educational-institute/system/Database/MySQLi/Connection.php:201
Stack trace:
#0 /Users/chinmoy/educational-institute/system/Database/MySQLi/Connection.php(201): mysqli->real_connect('localhost', 'mulssedubd_Chin', Object(SensitiveParameterValue), 'mulssedubd_coll...', 3306, '', 0)
#1 /Users/chinmoy/educational-institute/system/Database/BaseConnection.php(421): CodeIgniter\Database\MySQLi\Connection->connect(false)
#2 /Users/chinmoy/educational-institute/system/Database/BaseConnection.php(620): CodeIgniter\Database\BaseConnection->initialize()
#3 /Users/chinmoy/educational-institute/system/Database/BaseConnection.php(1525): CodeIgniter\Database\BaseConnection->query('SHOW TABLES FRO...')
#4 /Users/chinmoy/educational-institute/system/Database/BaseConnection.php(1545): CodeIgniter\Database\BaseConnection->listTables()
#5 /Users/chinmoy/educational-institute/system/Database/MigrationRunner.php(758): CodeIgniter\Database\BaseConnection->tableExists('migrations')
#6 /Users/chinmoy/educational-institute/system/Database/MigrationRunner.php(638): CodeIgniter\Database\MigrationRunner->ensureTable()
#7 /Users/chinmoy/educational-institute/system/Commands/Database/MigrateStatus.php(115): CodeIgniter\Database\MigrationRunner->getHistory('')
#8 /Users/chinmoy/educational-institute/system/CLI/Commands.php(70): CodeIgniter\Commands\Database\MigrateStatus->run(Array)
#9 /Users/chinmoy/educational-institute/system/CLI/Console.php(48): CodeIgniter\CLI\Commands->run('migrate:status', Array)
#10 /Users/chinmoy/educational-institute/system/Boot.php(360): CodeIgniter\CLI\Console->run()
#11 /Users/chinmoy/educational-institute/system/Boot.php(104): CodeIgniter\Boot::runCommand(Object(CodeIgniter\CLI\Console))
#12 /Users/chinmoy/educational-institute/spark(84): CodeIgniter\Boot::bootSpark(Object(Config\Paths))
#13 {main}

Next CodeIgniter\Database\Exceptions\DatabaseException: No such file or directory in /Users/chinmoy/educational-institute/system/Database/MySQLi/Connection.php:246
Stack trace:
#0 /Users/chinmoy/educational-institute/system/Database/BaseConnection.php(421): CodeIgniter\Database\MySQLi\Connection->connect(false)
#1 /Users/chinmoy/educational-institute/system/Database/BaseConnection.php(620): CodeIgniter\Database\BaseConnection->initialize()
#2 /Users/chinmoy/educational-institute/system/Database/BaseConnection.php(1525): CodeIgniter\Database\BaseConnection->query('SHOW TABLES FRO...')
#3 /Users/chinmoy/educational-institute/system/Database/BaseConnection.php(1545): CodeIgniter\Database\BaseConnection->listTables()
#4 /Users/chinmoy/educational-institute/system/Database/MigrationRunner.php(758): CodeIgniter\Database\BaseConnection->tableExists('migrations')
#5 /Users/chinmoy/educational-institute/system/Database/MigrationRunner.php(638): CodeIgniter\Database\MigrationRunner->ensureTable()
#6 /Users/chinmoy/educational-institute/system/Commands/Database/MigrateStatus.php(115): CodeIgniter\Database\MigrationRunner->getHistory('')
#7 /Users/chinmoy/educational-institute/system/CLI/Commands.php(70): CodeIgniter\Commands\Database\MigrateStatus->run(Array)
#8 /Users/chinmoy/educational-institute/system/CLI/Console.php(48): CodeIgniter\CLI\Commands->run('migrate:status', Array)
#9 /Users/chinmoy/educational-institute/system/Boot.php(360): CodeIgniter\CLI\Console->run()
#10 /Users/chinmoy/educational-institute/system/Boot.php(104): CodeIgniter\Boot::runCommand(Object(CodeIgniter\CLI\Console))
#11 /Users/chinmoy/educational-institute/spark(84): CodeIgniter\Boot::bootSpark(Object(Config\Paths))
#12 {main}
CRITICAL - 2025-06-30 02:51:35 --> CodeIgniter\Database\Exceptions\DatabaseException: Unable to connect to the database.
Main connection [MySQLi]: No such file or directory
[Method: CLI, Route: migrate:status]
in SYSTEMPATH/Database/BaseConnection.php on line 467.
 1 SYSTEMPATH/Database/BaseConnection.php(620): CodeIgniter\Database\BaseConnection->initialize()
 2 SYSTEMPATH/Database/BaseConnection.php(1525): CodeIgniter\Database\BaseConnection->query('SHOW TABLES FROM `mulssedubd_college`')
 3 SYSTEMPATH/Database/BaseConnection.php(1545): CodeIgniter\Database\BaseConnection->listTables()
 4 SYSTEMPATH/Database/MigrationRunner.php(758): CodeIgniter\Database\BaseConnection->tableExists('migrations')
 5 SYSTEMPATH/Database/MigrationRunner.php(638): CodeIgniter\Database\MigrationRunner->ensureTable()
 6 SYSTEMPATH/Commands/Database/MigrateStatus.php(115): CodeIgniter\Database\MigrationRunner->getHistory('')
 7 SYSTEMPATH/CLI/Commands.php(70): CodeIgniter\Commands\Database\MigrateStatus->run([])
 8 SYSTEMPATH/CLI/Console.php(48): CodeIgniter\CLI\Commands->run('migrate:status', [])
 9 SYSTEMPATH/Boot.php(360): CodeIgniter\CLI\Console->run()
10 SYSTEMPATH/Boot.php(104): CodeIgniter\Boot::runCommand(Object(CodeIgniter\CLI\Console))
11 ROOTPATH/spark(84): CodeIgniter\Boot::bootSpark(Object(Config\Paths))
